<?xml version="1.0" encoding="UTF-8"?>
<testng-results ignored="0" total="1" passed="1" failed="0" skipped="0">
  <reporter-output>
  </reporter-output>
  <suite started-at="2024-06-09T12:25:55Z" name="Default suite" finished-at="2024-06-09T12:25:55Z" duration-ms="26">
    <groups>
    </groups>
    <test started-at="2024-06-09T12:25:55Z" name="Default test" finished-at="2024-06-09T12:25:55Z" duration-ms="26">
      <class name="test.PS1">
        <test-method is-config="true" signature="befoMethod1()[pri:0, instance:test.PS1@33065d67]" started-at="2024-06-09T19:25:55Z" name="befoMethod1" finished-at="2024-06-09T19:25:55Z" duration-ms="5" status="PASS">
          <reporter-output>
          </reporter-output>
        </test-method> <!-- befoMethod1 -->
        <test-method signature="TestRun()[pri:0, instance:test.PS1@33065d67]" started-at="2024-06-09T19:25:55Z" name="TestRun" finished-at="2024-06-09T19:25:55Z" duration-ms="5" status="PASS">
          <reporter-output>
          </reporter-output>
        </test-method> <!-- TestRun -->
        <test-method is-config="true" signature="doThis2()[pri:0, instance:test.PS1@33065d67]" started-at="2024-06-09T19:25:55Z" name="doThis2" finished-at="2024-06-09T19:25:55Z" duration-ms="0" status="PASS">
          <reporter-output>
          </reporter-output>
        </test-method> <!-- doThis2 -->
      </class> <!-- test.PS1 -->
    </test> <!-- Default test -->
  </suite> <!-- Default suite -->
</testng-results>
